<?xml version="1.0" encoding="UTF-8"?>
<!-- Generated by org.testng.reporters.JUnitXMLReporter -->
<testsuite hostname="Puchu-PC" ignored="2" name="Default test" tests="2" failures="0" timestamp="11 Apr 2020 06:31:37 GMT" time="122.608" errors="0">
  <testcase name="aboutuslinkTest" time="22.14" classname="com.test.CAUK.SmokeSuite"/>
  <testcase name="outvaluesTest" time="12.925" classname="com.test.CAUK.SmokeSuite"/>
  <testcase name="pagetitletest" time="0.0" classname="com.test.CAUK.SmokeSuite">
    <ignored/>
  </testcase> <!-- pagetitletest -->
  <testcase name="printtest" time="0.0" classname="com.test.CAUK.SmokeSuite">
    <ignored/>
  </testcase> <!-- printtest -->
</testsuite> <!-- Default test -->
