<?xml version="1.0" encoding="UTF-8"?>
<testng-results skipped="0" failed="0" ignored="2" total="4" passed="2">
  <reporter-output>
  </reporter-output>
  <suite name="Default suite" duration-ms="70887" started-at="2020-04-10T06:06:22Z" finished-at="2020-04-10T06:07:33Z">
    <groups>
    </groups>
    <test name="Default test" duration-ms="70887" started-at="2020-04-10T06:06:22Z" finished-at="2020-04-10T06:07:33Z">
      <class name="com.test.CAUK.SmokeSuite">
        <test-method status="PASS" signature="init()[pri:0, instance:com.test.CAUK.SmokeSuite@be83e4]" name="init" is-config="true" duration-ms="29224" started-at="2020-04-10T06:06:22Z" finished-at="2020-04-10T06:06:51Z">
          <reporter-output>
          </reporter-output>
        </test-method> <!-- init -->
        <test-method status="PASS" signature="aboutuslinkTest()[pri:0, instance:com.test.CAUK.SmokeSuite@be83e4]" name="aboutuslinkTest" duration-ms="11182" started-at="2020-04-10T06:06:51Z" finished-at="2020-04-10T06:07:03Z">
          <reporter-output>
          </reporter-output>
        </test-method> <!-- aboutuslinkTest -->
        <test-method status="PASS" signature="trailing()[pri:0, instance:com.test.CAUK.SmokeSuite@be83e4]" name="trailing" is-config="true" duration-ms="1413" started-at="2020-04-10T06:07:03Z" finished-at="2020-04-10T06:07:04Z">
          <reporter-output>
          </reporter-output>
        </test-method> <!-- trailing -->
        <test-method status="PASS" signature="init()[pri:0, instance:com.test.CAUK.SmokeSuite@be83e4]" name="init" is-config="true" duration-ms="18334" started-at="2020-04-10T06:07:04Z" finished-at="2020-04-10T06:07:22Z">
          <reporter-output>
          </reporter-output>
        </test-method> <!-- init -->
        <test-method status="PASS" signature="outvaluesTest()[pri:0, instance:com.test.CAUK.SmokeSuite@be83e4]" name="outvaluesTest" duration-ms="9347" started-at="2020-04-10T06:07:22Z" finished-at="2020-04-10T06:07:32Z">
          <reporter-output>
          </reporter-output>
        </test-method> <!-- outvaluesTest -->
        <test-method status="PASS" signature="trailing()[pri:0, instance:com.test.CAUK.SmokeSuite@be83e4]" name="trailing" is-config="true" duration-ms="1356" started-at="2020-04-10T06:07:32Z" finished-at="2020-04-10T06:07:33Z">
          <reporter-output>
          </reporter-output>
        </test-method> <!-- trailing -->
      </class> <!-- com.test.CAUK.SmokeSuite -->
    </test> <!-- Default test -->
  </suite> <!-- Default suite -->
</testng-results>
