<?xml version="1.0" encoding="UTF-8"?>
<testng-results skipped="0" failed="0" ignored="0" total="1" passed="1">
  <reporter-output>
  </reporter-output>
  <suite name="Suite" duration-ms="85118" started-at="2020-04-08T09:57:42Z" finished-at="2020-04-08T09:59:07Z">
    <groups>
    </groups>
    <test name="Test" duration-ms="85118" started-at="2020-04-08T09:57:42Z" finished-at="2020-04-08T09:59:07Z">
      <class name="com.test.CAUK.SmokeSuite">
        <test-method status="PASS" signature="init()[pri:0, instance:com.test.CAUK.SmokeSuite@1f3ddb1]" name="init" is-config="true" duration-ms="83027" started-at="2020-04-08T09:57:42Z" finished-at="2020-04-08T09:59:05Z">
          <reporter-output>
          </reporter-output>
        </test-method> <!-- init -->
        <test-method status="PASS" signature="pagetitletest()[pri:0, instance:com.test.CAUK.SmokeSuite@1f3ddb1]" name="pagetitletest" duration-ms="69" started-at="2020-04-08T09:59:05Z" finished-at="2020-04-08T09:59:05Z">
          <reporter-output>
          </reporter-output>
        </test-method> <!-- pagetitletest -->
        <test-method status="PASS" signature="trailing()[pri:0, instance:com.test.CAUK.SmokeSuite@1f3ddb1]" name="trailing" is-config="true" duration-ms="1960" started-at="2020-04-08T09:59:05Z" finished-at="2020-04-08T09:59:07Z">
          <reporter-output>
          </reporter-output>
        </test-method> <!-- trailing -->
      </class> <!-- com.test.CAUK.SmokeSuite -->
    </test> <!-- Test -->
  </suite> <!-- Suite -->
</testng-results>
